2026-01-12 00:30:04,256 - batch_size: 1024
2026-01-12 00:30:04,257 - data: KuaiSAR
2026-01-12 00:30:04,257 - device: cuda
2026-01-12 00:30:04,257 - dropout: 0.1
2026-01-12 00:30:04,257 - early_stop: 5
2026-01-12 00:30:04,257 - epoch: 100
2026-01-12 00:30:04,257 - eval_batch_size: 512
2026-01-12 00:30:04,258 - gpu: 0
2026-01-12 00:30:04,258 - his_cl_temp: 0.1
2026-01-12 00:30:04,258 - his_cl_weight: 0.1
2026-01-12 00:30:04,258 - infoNCE_neg_sample: 1024
2026-01-12 00:30:04,258 - l2: 3e-05
2026-01-12 00:30:04,258 - lr: 0.001
2026-01-12 00:30:04,259 - min_lr: 1e-06
2026-01-12 00:30:04,259 - model: UniSAR
2026-01-12 00:30:04,259 - model_path: output/KuaiSAR/UniSAR/checkpoints/20260112-003004
2026-01-12 00:30:04,259 - num_heads: 2
2026-01-12 00:30:04,259 - num_layers: 1
2026-01-12 00:30:04,259 - num_workers: 10
2026-01-12 00:30:04,259 - patience: 3
2026-01-12 00:30:04,259 - pred_hid_units: [200, 80, 1]
2026-01-12 00:30:04,260 - q_i_cl_temp: 0.5
2026-01-12 00:30:04,260 - q_i_cl_weight: 0.001
2026-01-12 00:30:04,260 - random_seed: 20230601
2026-01-12 00:30:04,260 - src_loss_weight: 0.2
2026-01-12 00:30:04,260 - test_path: 
2026-01-12 00:30:04,260 - time: 20260112-003004
2026-01-12 00:30:04,260 - train: 1
2026-01-12 00:30:10,653 - src train batch size:582
2026-01-12 00:30:10,655 - num model parameters:56032569
2026-01-12 00:30:11,638 -  
2026-01-12 00:30:11,638 - Epoch: 0
2026-01-12 00:31:37,431 - total time: 84.91s
2026-01-12 00:31:37,434 - epoch:0 mean loss:2.0799
2026-01-12 00:31:39,368 - model evaluate time used:1.9308302402496338s
2026-01-12 00:31:41,130 - model evaluate time used:1.7511663436889648s
2026-01-12 00:31:41,256 - Dev Result:
2026-01-12 00:31:41,256 - {'rec': 'HR@1:0.1971,NDCG@1:0.1971,HR@5:0.4136,NDCG@5:0.3087,HR@10:0.5430,NDCG@10:0.3502,HR@20:0.7043,NDCG@20:0.3909,HR@50:0.9152,NDCG@50:0.4331', 'src': 'HR@1:0.0328,NDCG@1:0.0328,HR@5:0.1140,NDCG@5:0.0738,HR@10:0.1882,NDCG@10:0.0975,HR@20:0.3148,NDCG@20:0.1292,HR@50:0.6329,NDCG@50:0.1917'}
2026-01-12 00:31:41,259 - save model to: output/KuaiSAR/UniSAR/checkpoints/20260112-003004/best.pt
2026-01-12 00:31:44,128 - model evaluate time used:2.0459768772125244s
2026-01-12 00:31:45,933 - model evaluate time used:1.783540964126587s
2026-01-12 00:31:46,098 - Test Result:
2026-01-12 00:31:46,098 - {'rec': 'HR@1:0.1973,NDCG@1:0.1973,HR@5:0.4143,NDCG@5:0.3089,HR@10:0.5477,NDCG@10:0.3516,HR@20:0.7106,NDCG@20:0.3928,HR@50:0.9196,NDCG@50:0.4346', 'src': 'HR@1:0.0405,NDCG@1:0.0405,HR@5:0.1173,NDCG@5:0.0785,HR@10:0.1897,NDCG@10:0.1015,HR@20:0.3172,NDCG@20:0.1335,HR@50:0.6403,NDCG@50:0.1970'}
2026-01-12 00:31:46,576 -  
2026-01-12 00:31:46,576 - Epoch: 1
2026-01-12 00:33:08,672 - total time: 81.84s
2026-01-12 00:33:08,675 - epoch:1 mean loss:0.9823
2026-01-12 00:33:10,015 - model evaluate time used:1.3387072086334229s
2026-01-12 00:33:11,143 - model evaluate time used:1.1204421520233154s
2026-01-12 00:33:11,259 - Dev Result:
2026-01-12 00:33:11,259 - {'rec': 'HR@1:0.1961,NDCG@1:0.1961,HR@5:0.4058,NDCG@5:0.3046,HR@10:0.5417,NDCG@10:0.3485,HR@20:0.6897,NDCG@20:0.3858,HR@50:0.9092,NDCG@50:0.4294', 'src': 'HR@1:0.2827,NDCG@1:0.2827,HR@5:0.3186,NDCG@5:0.2989,HR@10:0.3792,NDCG@10:0.3181,HR@20:0.4979,NDCG@20:0.3478,HR@50:0.7433,NDCG@50:0.3961'}
2026-01-12 00:33:11,261 - save model to: output/KuaiSAR/UniSAR/checkpoints/20260112-003004/best.pt
2026-01-12 00:33:13,426 - model evaluate time used:1.3495292663574219s
2026-01-12 00:33:14,526 - model evaluate time used:1.0944795608520508s
2026-01-12 00:33:14,593 - Test Result:
2026-01-12 00:33:14,593 - {'rec': 'HR@1:0.1985,NDCG@1:0.1985,HR@5:0.4087,NDCG@5:0.3079,HR@10:0.5436,NDCG@10:0.3514,HR@20:0.6954,NDCG@20:0.3896,HR@50:0.9086,NDCG@50:0.4322', 'src': 'HR@1:0.2827,NDCG@1:0.2827,HR@5:0.3168,NDCG@5:0.2982,HR@10:0.3826,NDCG@10:0.3192,HR@20:0.4945,NDCG@20:0.3473,HR@50:0.7402,NDCG@50:0.3956'}
2026-01-12 00:33:14,872 -  
2026-01-12 00:33:14,872 - Epoch: 2
2026-01-12 00:34:35,611 - total time: 80.59s
2026-01-12 00:34:35,613 - epoch:2 mean loss:0.4562
2026-01-12 00:34:36,945 - model evaluate time used:1.3299381732940674s
2026-01-12 00:34:38,042 - model evaluate time used:1.0908737182617188s
2026-01-12 00:34:38,109 - Dev Result:
2026-01-12 00:34:38,109 - {'rec': 'HR@1:0.1899,NDCG@1:0.1899,HR@5:0.3738,NDCG@5:0.2860,HR@10:0.4879,NDCG@10:0.3229,HR@20:0.6388,NDCG@20:0.3609,HR@50:0.9067,NDCG@50:0.4143', 'src': 'HR@1:0.2500,NDCG@1:0.2500,HR@5:0.2960,NDCG@5:0.2711,HR@10:0.3703,NDCG@10:0.2947,HR@20:0.4938,NDCG@20:0.3258,HR@50:0.7344,NDCG@50:0.3731'}
2026-01-12 00:34:38,378 -  
2026-01-12 00:34:38,379 - Epoch: 3
2026-01-12 00:35:59,516 - total time: 81.01s
2026-01-12 00:35:59,519 - epoch:3 mean loss:0.3447
2026-01-12 00:36:00,854 - model evaluate time used:1.3331968784332275s
2026-01-12 00:36:02,035 - model evaluate time used:1.1741955280303955s
2026-01-12 00:36:02,105 - Dev Result:
2026-01-12 00:36:02,105 - {'rec': 'HR@1:0.1687,NDCG@1:0.1687,HR@5:0.3485,NDCG@5:0.2612,HR@10:0.4541,NDCG@10:0.2952,HR@20:0.6118,NDCG@20:0.3347,HR@50:0.9073,NDCG@50:0.3937', 'src': 'HR@1:0.3147,NDCG@1:0.3147,HR@5:0.3412,NDCG@5:0.3266,HR@10:0.3964,NDCG@10:0.3442,HR@20:0.5049,NDCG@20:0.3714,HR@50:0.7318,NDCG@50:0.4159'}
2026-01-12 00:36:02,107 - save model to: output/KuaiSAR/UniSAR/checkpoints/20260112-003004/best.pt
2026-01-12 00:36:04,316 - model evaluate time used:1.3753306865692139s
2026-01-12 00:36:05,478 - model evaluate time used:1.1562180519104004s
2026-01-12 00:36:05,567 - Test Result:
2026-01-12 00:36:05,567 - {'rec': 'HR@1:0.1706,NDCG@1:0.1706,HR@5:0.3491,NDCG@5:0.2622,HR@10:0.4500,NDCG@10:0.2947,HR@20:0.5968,NDCG@20:0.3314,HR@50:0.9074,NDCG@50:0.3934', 'src': 'HR@1:0.3109,NDCG@1:0.3109,HR@5:0.3437,NDCG@5:0.3257,HR@10:0.4032,NDCG@10:0.3446,HR@20:0.5004,NDCG@20:0.3690,HR@50:0.7318,NDCG@50:0.4144'}
2026-01-12 00:36:05,830 -  
2026-01-12 00:36:05,830 - Epoch: 4
2026-01-12 00:37:26,667 - total time: 80.65s
2026-01-12 00:37:26,670 - epoch:4 mean loss:0.2835
2026-01-12 00:37:28,065 - model evaluate time used:1.3923659324645996s
2026-01-12 00:37:29,242 - model evaluate time used:1.1712117195129395s
2026-01-12 00:37:29,310 - Dev Result:
2026-01-12 00:37:29,310 - {'rec': 'HR@1:0.1407,NDCG@1:0.1407,HR@5:0.3437,NDCG@5:0.2440,HR@10:0.4724,NDCG@10:0.2857,HR@20:0.6324,NDCG@20:0.3259,HR@50:0.9092,NDCG@50:0.3811', 'src': 'HR@1:0.3396,NDCG@1:0.3396,HR@5:0.3667,NDCG@5:0.3521,HR@10:0.4214,NDCG@10:0.3695,HR@20:0.5142,NDCG@20:0.3928,HR@50:0.7387,NDCG@50:0.4368'}
2026-01-12 00:37:29,312 - save model to: output/KuaiSAR/UniSAR/checkpoints/20260112-003004/best.pt
2026-01-12 00:37:31,611 - model evaluate time used:1.4320614337921143s
2026-01-12 00:37:32,727 - model evaluate time used:1.1103885173797607s
2026-01-12 00:37:32,793 - Test Result:
2026-01-12 00:37:32,793 - {'rec': 'HR@1:0.1431,NDCG@1:0.1431,HR@5:0.3459,NDCG@5:0.2466,HR@10:0.4683,NDCG@10:0.2859,HR@20:0.6263,NDCG@20:0.3256,HR@50:0.9085,NDCG@50:0.3818', 'src': 'HR@1:0.3393,NDCG@1:0.3393,HR@5:0.3696,NDCG@5:0.3532,HR@10:0.4218,NDCG@10:0.3698,HR@20:0.5098,NDCG@20:0.3918,HR@50:0.7310,NDCG@50:0.4352'}
2026-01-12 00:37:33,066 -  
2026-01-12 00:37:33,066 - Epoch: 5
2026-01-12 00:38:53,868 - total time: 80.66s
2026-01-12 00:38:53,871 - epoch:5 mean loss:0.2491
2026-01-12 00:38:55,246 - model evaluate time used:1.3730933666229248s
2026-01-12 00:38:56,337 - model evaluate time used:1.0847687721252441s
2026-01-12 00:38:56,404 - Dev Result:
2026-01-12 00:38:56,404 - {'rec': 'HR@1:0.1280,NDCG@1:0.1280,HR@5:0.3443,NDCG@5:0.2369,HR@10:0.4707,NDCG@10:0.2777,HR@20:0.6400,NDCG@20:0.3203,HR@50:0.9065,NDCG@50:0.3733', 'src': 'HR@1:0.2892,NDCG@1:0.2892,HR@5:0.3334,NDCG@5:0.3098,HR@10:0.3991,NDCG@10:0.3309,HR@20:0.5013,NDCG@20:0.3567,HR@50:0.7341,NDCG@50:0.4025'}
2026-01-12 00:38:56,673 -  
2026-01-12 00:38:56,674 - Epoch: 6
2026-01-12 00:40:17,496 - total time: 80.65s
2026-01-12 00:40:17,498 - epoch:6 mean loss:0.2295
2026-01-12 00:40:18,835 - model evaluate time used:1.33485746383667s
2026-01-12 00:40:19,933 - model evaluate time used:1.0909199714660645s
2026-01-12 00:40:20,003 - Dev Result:
2026-01-12 00:40:20,003 - {'rec': 'HR@1:0.1191,NDCG@1:0.1191,HR@5:0.3398,NDCG@5:0.2315,HR@10:0.4638,NDCG@10:0.2714,HR@20:0.6336,NDCG@20:0.3139,HR@50:0.9067,NDCG@50:0.3686', 'src': 'HR@1:0.2855,NDCG@1:0.2855,HR@5:0.3326,NDCG@5:0.3074,HR@10:0.3998,NDCG@10:0.3290,HR@20:0.5038,NDCG@20:0.3551,HR@50:0.7400,NDCG@50:0.4015'}
2026-01-12 00:40:20,488 -  
2026-01-12 00:40:20,488 - Epoch: 7
2026-01-12 00:41:40,909 - total time: 80.29s
2026-01-12 00:41:40,912 - epoch:7 mean loss:0.2176
2026-01-12 00:41:42,129 - model evaluate time used:1.2156379222869873s
2026-01-12 00:41:43,250 - model evaluate time used:1.1136863231658936s
2026-01-12 00:41:43,317 - Dev Result:
2026-01-12 00:41:43,317 - {'rec': 'HR@1:0.1088,NDCG@1:0.1088,HR@5:0.3347,NDCG@5:0.2233,HR@10:0.4663,NDCG@10:0.2659,HR@20:0.6352,NDCG@20:0.3082,HR@50:0.9101,NDCG@50:0.3631', 'src': 'HR@1:0.3052,NDCG@1:0.3052,HR@5:0.3377,NDCG@5:0.3202,HR@10:0.4040,NDCG@10:0.3415,HR@20:0.5037,NDCG@20:0.3664,HR@50:0.7234,NDCG@50:0.4096'}
2026-01-12 00:41:43,595 -  
2026-01-12 00:41:43,595 - Epoch: 8
2026-01-12 00:43:04,358 - total time: 80.63s
2026-01-12 00:43:04,361 - epoch:8 mean loss:0.2141
2026-01-12 00:43:05,743 - model evaluate time used:1.379887580871582s
2026-01-12 00:43:06,945 - model evaluate time used:1.1944975852966309s
2026-01-12 00:43:07,012 - Dev Result:
2026-01-12 00:43:07,012 - {'rec': 'HR@1:0.1296,NDCG@1:0.1296,HR@5:0.3452,NDCG@5:0.2390,HR@10:0.4750,NDCG@10:0.2810,HR@20:0.6439,NDCG@20:0.3236,HR@50:0.9049,NDCG@50:0.3756', 'src': 'HR@1:0.3160,NDCG@1:0.3160,HR@5:0.3376,NDCG@5:0.3258,HR@10:0.3882,NDCG@10:0.3419,HR@20:0.4843,NDCG@20:0.3660,HR@50:0.7198,NDCG@50:0.4122'}
2026-01-12 00:43:07,303 -  
2026-01-12 00:43:07,304 - Epoch: 9
2026-01-12 00:44:28,766 - total time: 81.26s
2026-01-12 00:44:28,769 - epoch:9 mean loss:0.1890
2026-01-12 00:44:30,205 - model evaluate time used:1.4347155094146729s
2026-01-12 00:44:31,324 - model evaluate time used:1.1103954315185547s
2026-01-12 00:44:31,391 - Dev Result:
2026-01-12 00:44:31,392 - {'rec': 'HR@1:0.1328,NDCG@1:0.1328,HR@5:0.3358,NDCG@5:0.2357,HR@10:0.4739,NDCG@10:0.2801,HR@20:0.6480,NDCG@20:0.3238,HR@50:0.9115,NDCG@50:0.3766', 'src': 'HR@1:0.3547,NDCG@1:0.3547,HR@5:0.3703,NDCG@5:0.3617,HR@10:0.4115,NDCG@10:0.3749,HR@20:0.5031,NDCG@20:0.3979,HR@50:0.7246,NDCG@50:0.4412'}
2026-01-12 00:44:31,393 - save model to: output/KuaiSAR/UniSAR/checkpoints/20260112-003004/best.pt
2026-01-12 00:44:33,732 - model evaluate time used:1.357330560684204s
2026-01-12 00:44:34,838 - model evaluate time used:1.1012256145477295s
2026-01-12 00:44:34,916 - Test Result:
2026-01-12 00:44:34,917 - {'rec': 'HR@1:0.1308,NDCG@1:0.1308,HR@5:0.3312,NDCG@5:0.2324,HR@10:0.4715,NDCG@10:0.2777,HR@20:0.6476,NDCG@20:0.3220,HR@50:0.9173,NDCG@50:0.3760', 'src': 'HR@1:0.3586,NDCG@1:0.3586,HR@5:0.3771,NDCG@5:0.3668,HR@10:0.4222,NDCG@10:0.3811,HR@20:0.5134,NDCG@20:0.4040,HR@50:0.7336,NDCG@50:0.4471'}
2026-01-12 00:44:35,198 -  
2026-01-12 00:44:35,198 - Epoch: 10
2026-01-12 00:45:56,436 - total time: 81.10s
2026-01-12 00:45:56,439 - epoch:10 mean loss:0.1727
2026-01-12 00:45:57,774 - model evaluate time used:1.3325512409210205s
2026-01-12 00:45:58,847 - model evaluate time used:1.0649597644805908s
2026-01-12 00:45:58,955 - Dev Result:
2026-01-12 00:45:58,955 - {'rec': 'HR@1:0.1295,NDCG@1:0.1295,HR@5:0.3335,NDCG@5:0.2327,HR@10:0.4703,NDCG@10:0.2767,HR@20:0.6511,NDCG@20:0.3221,HR@50:0.9120,NDCG@50:0.3744', 'src': 'HR@1:0.4004,NDCG@1:0.4004,HR@5:0.4116,NDCG@5:0.4055,HR@10:0.4450,NDCG@10:0.4160,HR@20:0.5209,NDCG@20:0.4350,HR@50:0.7323,NDCG@50:0.4763'}
2026-01-12 00:45:58,956 - save model to: output/KuaiSAR/UniSAR/checkpoints/20260112-003004/best.pt
2026-01-12 00:46:01,044 - model evaluate time used:1.2591338157653809s
2026-01-12 00:46:02,174 - model evaluate time used:1.1225941181182861s
2026-01-12 00:46:02,263 - Test Result:
2026-01-12 00:46:02,263 - {'rec': 'HR@1:0.1304,NDCG@1:0.1304,HR@5:0.3271,NDCG@5:0.2298,HR@10:0.4691,NDCG@10:0.2756,HR@20:0.6499,NDCG@20:0.3210,HR@50:0.9182,NDCG@50:0.3747', 'src': 'HR@1:0.4015,NDCG@1:0.4015,HR@5:0.4140,NDCG@5:0.4072,HR@10:0.4488,NDCG@10:0.4182,HR@20:0.5247,NDCG@20:0.4372,HR@50:0.7387,NDCG@50:0.4791'}
2026-01-12 00:46:02,546 -  
2026-01-12 00:46:02,546 - Epoch: 11
