2026-01-08 02:30:10,864 - batch_size: 1024
2026-01-08 02:30:10,864 - data: KuaiSAR
2026-01-08 02:30:10,864 - device: cuda
2026-01-08 02:30:10,864 - dropout: 0.1
2026-01-08 02:30:10,864 - early_stop: 5
2026-01-08 02:30:10,864 - epoch: 100
2026-01-08 02:30:10,864 - eval_batch_size: 512
2026-01-08 02:30:10,865 - gpu: 0
2026-01-08 02:30:10,865 - his_cl_temp: 0.1
2026-01-08 02:30:10,865 - his_cl_weight: 0.1
2026-01-08 02:30:10,865 - infoNCE_neg_sample: 1024
2026-01-08 02:30:10,865 - l2: 3e-05
2026-01-08 02:30:10,865 - lr: 0.001
2026-01-08 02:30:10,865 - min_lr: 1e-06
2026-01-08 02:30:10,865 - model: UniSAR
2026-01-08 02:30:10,865 - model_path: output/KuaiSAR/UniSAR/checkpoints/20260108-023010
2026-01-08 02:30:10,865 - num_heads: 2
2026-01-08 02:30:10,865 - num_layers: 1
2026-01-08 02:30:10,866 - num_workers: 10
2026-01-08 02:30:10,866 - patience: 3
2026-01-08 02:30:10,866 - pred_hid_units: [200, 80, 1]
2026-01-08 02:30:10,866 - q_i_cl_temp: 0.5
2026-01-08 02:30:10,866 - q_i_cl_weight: 0.001
2026-01-08 02:30:10,866 - random_seed: 20230601
2026-01-08 02:30:10,866 - src_loss_weight: 0.1
2026-01-08 02:30:10,866 - test_path: 
2026-01-08 02:30:10,866 - time: 20260108-023010
2026-01-08 02:30:10,866 - train: 1
2026-01-08 02:30:18,452 - src train batch size:582
2026-01-08 02:30:18,453 - num model parameters:56079089
2026-01-08 02:30:19,501 -  
2026-01-08 02:30:19,502 - Epoch: 0
2026-01-08 02:31:38,993 - total time: 78.53s
2026-01-08 02:31:38,995 - epoch:0 mean loss:1.7628
2026-01-08 02:31:40,855 - model evaluate time used:1.857201099395752s
2026-01-08 02:31:42,660 - model evaluate time used:1.7941627502441406s
2026-01-08 02:31:42,739 - Dev Result:
2026-01-08 02:31:42,740 - {'rec': 'HR@1:0.1906,NDCG@1:0.1906,HR@5:0.4021,NDCG@5:0.3007,HR@10:0.5408,NDCG@10:0.3453,HR@20:0.7038,NDCG@20:0.3863,HR@50:0.9151,NDCG@50:0.4287', 'src': 'HR@1:0.0212,NDCG@1:0.0212,HR@5:0.0812,NDCG@5:0.0507,HR@10:0.1548,NDCG@10:0.0742,HR@20:0.2775,NDCG@20:0.1049,HR@50:0.5951,NDCG@50:0.1671'}
2026-01-08 02:31:42,742 - save model to: output/KuaiSAR/UniSAR/checkpoints/20260108-023010/best.pt
2026-01-08 02:31:45,548 - model evaluate time used:2.017406463623047s
2026-01-08 02:31:47,266 - model evaluate time used:1.6939523220062256s
2026-01-08 02:31:47,429 - Test Result:
2026-01-08 02:31:47,430 - {'rec': 'HR@1:0.1898,NDCG@1:0.1898,HR@5:0.4076,NDCG@5:0.3027,HR@10:0.5340,NDCG@10:0.3434,HR@20:0.7074,NDCG@20:0.3872,HR@50:0.9170,NDCG@50:0.4291', 'src': 'HR@1:0.0233,NDCG@1:0.0233,HR@5:0.0875,NDCG@5:0.0551,HR@10:0.1539,NDCG@10:0.0763,HR@20:0.2733,NDCG@20:0.1063,HR@50:0.5982,NDCG@50:0.1700'}
2026-01-08 02:31:47,853 -  
2026-01-08 02:31:47,853 - Epoch: 1
2026-01-08 02:33:05,111 - total time: 77.04s
2026-01-08 02:33:05,113 - epoch:1 mean loss:0.7386
2026-01-08 02:33:06,480 - model evaluate time used:1.365405559539795s
2026-01-08 02:33:07,569 - model evaluate time used:1.0833075046539307s
2026-01-08 02:33:07,693 - Dev Result:
2026-01-08 02:33:07,693 - {'rec': 'HR@1:0.1880,NDCG@1:0.1880,HR@5:0.3955,NDCG@5:0.2962,HR@10:0.5239,NDCG@10:0.3374,HR@20:0.6755,NDCG@20:0.3757,HR@50:0.8853,NDCG@50:0.4174', 'src': 'HR@1:0.2249,NDCG@1:0.2249,HR@5:0.2504,NDCG@5:0.2365,HR@10:0.3107,NDCG@10:0.2557,HR@20:0.4467,NDCG@20:0.2897,HR@50:0.7314,NDCG@50:0.3459'}
2026-01-08 02:33:07,695 - save model to: output/KuaiSAR/UniSAR/checkpoints/20260108-023010/best.pt
2026-01-08 02:33:09,872 - model evaluate time used:1.3624351024627686s
2026-01-08 02:33:10,960 - model evaluate time used:1.0833544731140137s
2026-01-08 02:33:11,026 - Test Result:
2026-01-08 02:33:11,026 - {'rec': 'HR@1:0.1872,NDCG@1:0.1872,HR@5:0.3997,NDCG@5:0.2968,HR@10:0.5261,NDCG@10:0.3375,HR@20:0.6748,NDCG@20:0.3750,HR@50:0.8819,NDCG@50:0.4160', 'src': 'HR@1:0.2340,NDCG@1:0.2340,HR@5:0.2594,NDCG@5:0.2455,HR@10:0.3270,NDCG@10:0.2669,HR@20:0.4597,NDCG@20:0.3003,HR@50:0.7319,NDCG@50:0.3541'}
2026-01-08 02:33:11,294 -  
2026-01-08 02:33:11,295 - Epoch: 2
2026-01-08 02:34:28,006 - total time: 76.56s
2026-01-08 02:34:28,008 - epoch:2 mean loss:0.4077
2026-01-08 02:34:29,304 - model evaluate time used:1.2944607734680176s
2026-01-08 02:34:30,397 - model evaluate time used:1.0857007503509521s
2026-01-08 02:34:30,503 - Dev Result:
2026-01-08 02:34:30,504 - {'rec': 'HR@1:0.1825,NDCG@1:0.1825,HR@5:0.3600,NDCG@5:0.2751,HR@10:0.4795,NDCG@10:0.3134,HR@20:0.6410,NDCG@20:0.3540,HR@50:0.8991,NDCG@50:0.4054', 'src': 'HR@1:0.2811,NDCG@1:0.2811,HR@5:0.2987,NDCG@5:0.2891,HR@10:0.3482,NDCG@10:0.3047,HR@20:0.4738,NDCG@20:0.3361,HR@50:0.7332,NDCG@50:0.3873'}
2026-01-08 02:34:30,506 - save model to: output/KuaiSAR/UniSAR/checkpoints/20260108-023010/best.pt
2026-01-08 02:34:32,663 - model evaluate time used:1.329756736755371s
2026-01-08 02:34:33,780 - model evaluate time used:1.112119197845459s
2026-01-08 02:34:33,880 - Test Result:
2026-01-08 02:34:33,880 - {'rec': 'HR@1:0.1844,NDCG@1:0.1844,HR@5:0.3571,NDCG@5:0.2738,HR@10:0.4824,NDCG@10:0.3141,HR@20:0.6438,NDCG@20:0.3547,HR@50:0.8999,NDCG@50:0.4058', 'src': 'HR@1:0.2988,NDCG@1:0.2988,HR@5:0.3178,NDCG@5:0.3074,HR@10:0.3658,NDCG@10:0.3227,HR@20:0.4850,NDCG@20:0.3524,HR@50:0.7470,NDCG@50:0.4042'}
2026-01-08 02:34:34,158 -  
2026-01-08 02:34:34,158 - Epoch: 3
2026-01-08 02:35:50,971 - total time: 76.62s
2026-01-08 02:35:50,974 - epoch:3 mean loss:0.3141
2026-01-08 02:35:52,284 - model evaluate time used:1.308016061782837s
2026-01-08 02:35:53,460 - model evaluate time used:1.1695704460144043s
2026-01-08 02:35:53,531 - Dev Result:
2026-01-08 02:35:53,531 - {'rec': 'HR@1:0.1627,NDCG@1:0.1627,HR@5:0.3373,NDCG@5:0.2525,HR@10:0.4524,NDCG@10:0.2895,HR@20:0.6103,NDCG@20:0.3292,HR@50:0.8961,NDCG@50:0.3861', 'src': 'HR@1:0.2087,NDCG@1:0.2087,HR@5:0.2534,NDCG@5:0.2291,HR@10:0.3318,NDCG@10:0.2541,HR@20:0.4764,NDCG@20:0.2906,HR@50:0.7406,NDCG@50:0.3428'}
2026-01-08 02:35:53,797 -  
2026-01-08 02:35:53,797 - Epoch: 4
2026-01-08 02:37:11,163 - total time: 77.22s
2026-01-08 02:37:11,165 - epoch:4 mean loss:0.2621
2026-01-08 02:37:12,506 - model evaluate time used:1.3394131660461426s
2026-01-08 02:37:13,649 - model evaluate time used:1.1384921073913574s
2026-01-08 02:37:13,718 - Dev Result:
2026-01-08 02:37:13,718 - {'rec': 'HR@1:0.1531,NDCG@1:0.1531,HR@5:0.3389,NDCG@5:0.2475,HR@10:0.4702,NDCG@10:0.2897,HR@20:0.6343,NDCG@20:0.3310,HR@50:0.8991,NDCG@50:0.3838', 'src': 'HR@1:0.2065,NDCG@1:0.2065,HR@5:0.2531,NDCG@5:0.2280,HR@10:0.3358,NDCG@10:0.2543,HR@20:0.4790,NDCG@20:0.2904,HR@50:0.7370,NDCG@50:0.3414'}
2026-01-08 02:37:13,988 -  
2026-01-08 02:37:13,988 - Epoch: 5
2026-01-08 02:38:32,189 - total time: 78.05s
2026-01-08 02:38:32,191 - epoch:5 mean loss:0.2326
2026-01-08 02:38:33,503 - model evaluate time used:1.3100428581237793s
2026-01-08 02:38:34,658 - model evaluate time used:1.1487386226654053s
2026-01-08 02:38:34,726 - Dev Result:
2026-01-08 02:38:34,726 - {'rec': 'HR@1:0.1307,NDCG@1:0.1307,HR@5:0.3277,NDCG@5:0.2307,HR@10:0.4600,NDCG@10:0.2733,HR@20:0.6308,NDCG@20:0.3163,HR@50:0.9057,NDCG@50:0.3712', 'src': 'HR@1:0.2202,NDCG@1:0.2202,HR@5:0.2656,NDCG@5:0.2410,HR@10:0.3503,NDCG@10:0.2680,HR@20:0.4837,NDCG@20:0.3014,HR@50:0.7483,NDCG@50:0.3536'}
2026-01-08 02:38:34,998 -  
2026-01-08 02:38:34,998 - Epoch: 6
2026-01-08 02:39:53,237 - total time: 78.08s
2026-01-08 02:39:53,239 - epoch:6 mean loss:0.2126
2026-01-08 02:39:54,572 - model evaluate time used:1.331428050994873s
2026-01-08 02:39:55,679 - model evaluate time used:1.102031946182251s
2026-01-08 02:39:55,768 - Dev Result:
2026-01-08 02:39:55,768 - {'rec': 'HR@1:0.1313,NDCG@1:0.1313,HR@5:0.3345,NDCG@5:0.2343,HR@10:0.4716,NDCG@10:0.2785,HR@20:0.6460,NDCG@20:0.3224,HR@50:0.9117,NDCG@50:0.3754', 'src': 'HR@1:0.2457,NDCG@1:0.2457,HR@5:0.2842,NDCG@5:0.2631,HR@10:0.3644,NDCG@10:0.2887,HR@20:0.4870,NDCG@20:0.3195,HR@50:0.7407,NDCG@50:0.3696'}
2026-01-08 02:39:56,035 -  
2026-01-08 02:39:56,035 - Epoch: 7
2026-01-08 02:41:12,964 - total time: 76.81s
2026-01-08 02:41:12,966 - epoch:7 mean loss:0.1760
2026-01-08 02:41:14,284 - model evaluate time used:1.3165576457977295s
2026-01-08 02:41:15,363 - model evaluate time used:1.0723607540130615s
2026-01-08 02:41:15,477 - Dev Result:
2026-01-08 02:41:15,478 - {'rec': 'HR@1:0.1260,NDCG@1:0.1260,HR@5:0.3334,NDCG@5:0.2312,HR@10:0.4736,NDCG@10:0.2765,HR@20:0.6584,NDCG@20:0.3231,HR@50:0.9136,NDCG@50:0.3741', 'src': 'HR@1:0.2996,NDCG@1:0.2996,HR@5:0.3204,NDCG@5:0.3090,HR@10:0.3780,NDCG@10:0.3273,HR@20:0.4946,NDCG@20:0.3565,HR@50:0.7471,NDCG@50:0.4061'}
2026-01-08 02:41:15,478 - Early stop at 8 based on dev result.
2026-01-08 02:41:15,478 -  
2026-01-08 02:41:15,478 - Best Dev Result at epoch:2
2026-01-08 02:41:15,479 - {'rec': 'HR@1:0.1825,NDCG@1:0.1825,HR@5:0.3600,NDCG@5:0.2751,HR@10:0.4795,NDCG@10:0.3134,HR@20:0.6410,NDCG@20:0.3540,HR@50:0.8991,NDCG@50:0.4054', 'src': 'HR@1:0.2811,NDCG@1:0.2811,HR@5:0.2987,NDCG@5:0.2891,HR@10:0.3482,NDCG@10:0.3047,HR@20:0.4738,NDCG@20:0.3361,HR@50:0.7332,NDCG@50:0.3873'}
2026-01-08 02:41:15,479 - load model from: output/KuaiSAR/UniSAR/checkpoints/20260108-023010/best.pt
2026-01-08 02:41:17,085 - model evaluate time used:1.30049467086792s
2026-01-08 02:41:18,208 - model evaluate time used:1.1178574562072754s
2026-01-08 02:41:18,298 -  
2026-01-08 02:41:18,298 - Test Result:
2026-01-08 02:41:18,298 - {'rec': 'HR@1:0.1844,NDCG@1:0.1844,HR@5:0.3571,NDCG@5:0.2738,HR@10:0.4824,NDCG@10:0.3141,HR@20:0.6438,NDCG@20:0.3547,HR@50:0.8999,NDCG@50:0.4058', 'src': 'HR@1:0.2988,NDCG@1:0.2988,HR@5:0.3178,NDCG@5:0.3074,HR@10:0.3658,NDCG@10:0.3227,HR@20:0.4850,NDCG@20:0.3524,HR@50:0.7470,NDCG@50:0.4042'}
2026-01-08 02:41:18,298 - running used time:0:11:07.606777
